<?xml version="1.0" encoding="UTF-8"?>
<!-- Generated by org.testng.reporters.JUnitReportReporter -->
<testsuite skipped="0" hostname="DESKTOP-MFA0791" name="com.crm.qa.testcases.LoginPageTest" tests="1" failures="0" timestamp="2020-05-12T13:53:43 BST" time="18.778" errors="0">
  <testcase name="loginTest" time="18.778" classname="com.crm.qa.testcases.LoginPageTest"/>
  <system-out/>
</testsuite> <!-- com.crm.qa.testcases.LoginPageTest -->
