<?xml version="1.0" encoding="UTF-8"?>
<!-- Generated by org.testng.reporters.JUnitReportReporter -->
<testsuite skipped="0" hostname="DESKTOP-MFA0791" name="com.crm.qa.testcases.HomePageTest" tests="4" failures="0" timestamp="2020-05-12T13:53:43 BST" time="62.602" errors="0">
  <testcase name="verifyTitleOfHomePageTest" time="15.754" classname="com.crm.qa.testcases.HomePageTest"/>
  <system-out/>
  <testcase name="verifyCorrectUserNameTest" time="15.246" classname="com.crm.qa.testcases.HomePageTest"/>
  <system-out/>
  <testcase name="verifyContactsLinkTest" time="16.438" classname="com.crm.qa.testcases.HomePageTest"/>
  <system-out/>
  <testcase name="verifyDealsLinkTest" time="15.164" classname="com.crm.qa.testcases.HomePageTest"/>
  <system-out/>
</testsuite> <!-- com.crm.qa.testcases.HomePageTest -->
