<?xml version="1.0" encoding="UTF-8"?>
<!-- Generated by org.testng.reporters.JUnitReportReporter -->
<testsuite skipped="0" hostname="DESKTOP-MFA0791" name="com.crm.qa.testcases.HomePageTest" tests="4" failures="0" timestamp="2020-05-12T13:40:43 BST" time="62.385" errors="0">
  <testcase name="verifyTitleOfHomePageTest" time="14.641" classname="com.crm.qa.testcases.HomePageTest"/>
  <system-out/>
  <testcase name="verifyCorrectUserNameTest" time="15.581" classname="com.crm.qa.testcases.HomePageTest"/>
  <system-out/>
  <testcase name="verifyContactsLinkTest" time="15.232" classname="com.crm.qa.testcases.HomePageTest"/>
  <system-out/>
  <testcase name="verifyDealsLinkTest" time="16.931" classname="com.crm.qa.testcases.HomePageTest"/>
  <system-out/>
</testsuite> <!-- com.crm.qa.testcases.HomePageTest -->
